{"name": "test_full_e2e_checkout[firefox-Juanito-Alimana-1969]", "status": "broken", "statusDetails": {"message": "selenium.common.exceptions.TimeoutException: Message: \nStacktrace:\nRemoteError@chrome://remote/content/shared/RemoteError.sys.mjs:8:8\nWebDriverError@chrome://remote/content/shared/webdriver/Errors.sys.mjs:202:5\nNoSuchElementError@chrome://remote/content/shared/webdriver/Errors.sys.mjs:555:5\ndom.find/</<@chrome://remote/content/shared/DOM.sys.mjs:136:16", "trace": "browser_driver = <selenium.webdriver.firefox.webdriver.WebDriver (session=\"c24fd6ca-7fca-4100-b2c7-beb5ac14ea58\")>\n\n    @pytest.fixture(scope=\"function\")\n    def cart_page_with_items(browser_driver):\n        login_page = LoginPage(browser_driver)\n        login_page.open_page()\n        login_page.insert_user_name(config_for_login_page.CREDENTIALS[\"standard_user\"][\"username\"])\n        login_page.insert_password(config_for_login_page.CREDENTIALS[\"standard_user\"][\"password\"])\n        login_page.click_login_button()\n        assert login_page.driver.current_url == \"https://www.saucedemo.com/inventory.html\"\n        inventory = InventoryPage(browser_driver)\n>       inventory.add_multiple_products([\"bike_light\", \"backpack\"])\n\ntest_cart.py:29: \n_ _ _ _ _ _ _ _ _ _ _ _ _ _ _ _ _ _ _ _ _ _ _ _ _ _ _ _ _ _ _ _ _ _ _ _ _ _ _ _\n..\\pages\\inventory_page.py:30: in add_multiple_products\n    self.add_product(product)\n..\\pages\\inventory_page.py:20: in add_product\n    self.wait.until(EC.visibility_of_element_located(add_selector))\n_ _ _ _ _ _ _ _ _ _ _ _ _ _ _ _ _ _ _ _ _ _ _ _ _ _ _ _ _ _ _ _ _ _ _ _ _ _ _ _\n\nself = <selenium.webdriver.support.wait.WebDriverWait (session=\"c24fd6ca-7fca-4100-b2c7-beb5ac14ea58\")>\nmethod = <function visibility_of_element_located.<locals>._predicate at 0x000001F52A984180>\nmessage = ''\n\n    def until(self, method: Callable[[D], Union[Literal[False], T]], message: str = \"\") -> T:\n        \"\"\"Wait until the method returns a value that is not False.\n    \n        Calls the method provided with the driver as an argument until the\n        return value does not evaluate to ``False``.\n    \n        Parameters:\n        -----------\n        method: callable(WebDriver)\n            - A callable object that takes a WebDriver instance as an argument.\n    \n        message: str\n            - Optional message for :exc:`TimeoutException`\n    \n        Return:\n        -------\n        object: T\n            - The result of the last call to `method`\n    \n        Raises:\n        -------\n        TimeoutException\n            - If 'method' does not return a truthy value within the WebDriverWait\n            object's timeout\n    \n        Example:\n        --------\n        >>> from selenium.webdriver.common.by import By\n        >>> from selenium.webdriver.support.ui import WebDriverWait\n        >>> from selenium.webdriver.support import expected_conditions as EC\n    \n        # Wait until an element is visible on the page\n        >>> wait = WebDriverWait(driver, 10)\n        >>> element = wait.until(EC.visibility_of_element_located((By.ID, \"exampleId\")))\n        >>> print(element.text)\n        \"\"\"\n        screen = None\n        stacktrace = None\n    \n        end_time = time.monotonic() + self._timeout\n        while True:\n            try:\n                value = method(self._driver)\n                if value:\n                    return value\n            except self._ignored_exceptions as exc:\n                screen = getattr(exc, \"screen\", None)\n                stacktrace = getattr(exc, \"stacktrace\", None)\n            if time.monotonic() > end_time:\n                break\n            time.sleep(self._poll)\n>       raise TimeoutException(message, screen, stacktrace)\nE       selenium.common.exceptions.TimeoutException: Message: \nE       Stacktrace:\nE       RemoteError@chrome://remote/content/shared/RemoteError.sys.mjs:8:8\nE       WebDriverError@chrome://remote/content/shared/webdriver/Errors.sys.mjs:202:5\nE       NoSuchElementError@chrome://remote/content/shared/webdriver/Errors.sys.mjs:555:5\nE       dom.find/</<@chrome://remote/content/shared/DOM.sys.mjs:136:16\n\n..\\..\\..\\..\\..\\AppData\\Local\\Programs\\Python\\Python313\\Lib\\site-packages\\selenium\\webdriver\\support\\wait.py:138: TimeoutException"}, "parameters": [{"name": "browser_driver", "value": "'firefox'"}, {"name": "first_name", "value": "'Juanito'"}, {"name": "last_name", "value": "'Alimana'"}, {"name": "postal_code", "value": "'1969'"}], "start": 1759173700740, "stop": 1759173700740, "uuid": "50a879ac-7f55-448b-97cc-3ff7769ebea2", "historyId": "010a65a1bf584f097c59af9a0a989ad4", "testCaseId": "ec0a2ad0fc3cf453fe459602117d9aec", "fullName": "test_cart#test_full_e2e_checkout", "labels": [{"name": "tag", "value": "cross_browser"}, {"name": "suite", "value": "test_cart"}, {"name": "host", "value": "Jerry"}, {"name": "thread", "value": "27308-MainThread"}, {"name": "framework", "value": "pytest"}, {"name": "language", "value": "cpython3"}, {"name": "package", "value": "test_cart"}], "titlePath": ["test_cart.py"]}