{"name": "test_multi_add[chrome]", "status": "broken", "statusDetails": {"message": "selenium.common.exceptions.TimeoutException: Message: \nStacktrace:\n\tGetHandleVerifier [0x0x103c333+65459]\n\tGetHandleVerifier [0x0x103c374+65524]\n\t(No symbol) [0x0xe5d973]\n\t(No symbol) [0x0xea76e7]\n\t(No symbol) [0x0xea7a8b]\n\t(No symbol) [0x0xeedea2]\n\t(No symbol) [0x0xec9e44]\n\t(No symbol) [0x0xeeb606]\n\t(No symbol) [0x0xec9bf6]\n\t(No symbol) [0x0xe9b38e]\n\t(No symbol) [0x0xe9c274]\n\tGetHandleVerifier [0x0x12beda3+2697763]\n\tGetHandleVerifier [0x0x12b9ec7+2677575]\n\tGetHandleVerifier [0x0x1064194+228884]\n\tGetHandleVerifier [0x0x10549f8+165496]\n\tGetHandleVerifier [0x0x105b18d+192013]\n\tGetHandleVerifier [0x0x10447d8+99416]\n\tGetHandleVerifier [0x0x1044972+99826]\n\tGetHandleVerifier [0x0x102ebea+10346]\n\tBaseThreadInitThunk [0x0x75dd5d49+25]\n\tRtlInitializeExceptionChain [0x0x7738d6db+107]\n\tRtlGetAppContainerNamedObjectPath [0x0x7738d661+561]", "trace": "inventory_page = <pages.inventory_page.InventoryPage object at 0x000001F52A988750>\n\n    @pytest.mark.cross_browser\n    def test_multi_add(inventory_page):\n        products = [\"bike_light\", \"backpack\", \"fleece_jacket\"]\n        with allure.step(f\"Iniciar adición de {len(products)} productos al carrito\"):\n>           inventory_page.add_multiple_products(products)\n\ntest_inventory.py:44: \n_ _ _ _ _ _ _ _ _ _ _ _ _ _ _ _ _ _ _ _ _ _ _ _ _ _ _ _ _ _ _ _ _ _ _ _ _ _ _ _\n..\\pages\\inventory_page.py:30: in add_multiple_products\n    self.add_product(product)\n..\\pages\\inventory_page.py:23: in add_product\n    self.wait.until(EC.visibility_of_element_located(remove_selector))\n_ _ _ _ _ _ _ _ _ _ _ _ _ _ _ _ _ _ _ _ _ _ _ _ _ _ _ _ _ _ _ _ _ _ _ _ _ _ _ _\n\nself = <selenium.webdriver.support.wait.WebDriverWait (session=\"e430c143b9ef2c36874e940667d2c90e\")>\nmethod = <function visibility_of_element_located.<locals>._predicate at 0x000001F52A987F60>\nmessage = ''\n\n    def until(self, method: Callable[[D], Union[Literal[False], T]], message: str = \"\") -> T:\n        \"\"\"Wait until the method returns a value that is not False.\n    \n        Calls the method provided with the driver as an argument until the\n        return value does not evaluate to ``False``.\n    \n        Parameters:\n        -----------\n        method: callable(WebDriver)\n            - A callable object that takes a WebDriver instance as an argument.\n    \n        message: str\n            - Optional message for :exc:`TimeoutException`\n    \n        Return:\n        -------\n        object: T\n            - The result of the last call to `method`\n    \n        Raises:\n        -------\n        TimeoutException\n            - If 'method' does not return a truthy value within the WebDriverWait\n            object's timeout\n    \n        Example:\n        --------\n        >>> from selenium.webdriver.common.by import By\n        >>> from selenium.webdriver.support.ui import WebDriverWait\n        >>> from selenium.webdriver.support import expected_conditions as EC\n    \n        # Wait until an element is visible on the page\n        >>> wait = WebDriverWait(driver, 10)\n        >>> element = wait.until(EC.visibility_of_element_located((By.ID, \"exampleId\")))\n        >>> print(element.text)\n        \"\"\"\n        screen = None\n        stacktrace = None\n    \n        end_time = time.monotonic() + self._timeout\n        while True:\n            try:\n                value = method(self._driver)\n                if value:\n                    return value\n            except self._ignored_exceptions as exc:\n                screen = getattr(exc, \"screen\", None)\n                stacktrace = getattr(exc, \"stacktrace\", None)\n            if time.monotonic() > end_time:\n                break\n            time.sleep(self._poll)\n>       raise TimeoutException(message, screen, stacktrace)\nE       selenium.common.exceptions.TimeoutException: Message: \nE       Stacktrace:\nE       \tGetHandleVerifier [0x0x103c333+65459]\nE       \tGetHandleVerifier [0x0x103c374+65524]\nE       \t(No symbol) [0x0xe5d973]\nE       \t(No symbol) [0x0xea76e7]\nE       \t(No symbol) [0x0xea7a8b]\nE       \t(No symbol) [0x0xeedea2]\nE       \t(No symbol) [0x0xec9e44]\nE       \t(No symbol) [0x0xeeb606]\nE       \t(No symbol) [0x0xec9bf6]\nE       \t(No symbol) [0x0xe9b38e]\nE       \t(No symbol) [0x0xe9c274]\nE       \tGetHandleVerifier [0x0x12beda3+2697763]\nE       \tGetHandleVerifier [0x0x12b9ec7+2677575]\nE       \tGetHandleVerifier [0x0x1064194+228884]\nE       \tGetHandleVerifier [0x0x10549f8+165496]\nE       \tGetHandleVerifier [0x0x105b18d+192013]\nE       \tGetHandleVerifier [0x0x10447d8+99416]\nE       \tGetHandleVerifier [0x0x1044972+99826]\nE       \tGetHandleVerifier [0x0x102ebea+10346]\nE       \tBaseThreadInitThunk [0x0x75dd5d49+25]\nE       \tRtlInitializeExceptionChain [0x0x7738d6db+107]\nE       \tRtlGetAppContainerNamedObjectPath [0x0x7738d661+561]\n\n..\\..\\..\\..\\..\\AppData\\Local\\Programs\\Python\\Python313\\Lib\\site-packages\\selenium\\webdriver\\support\\wait.py:138: TimeoutException"}, "steps": [{"name": "Iniciar adición de 3 productos al carrito", "status": "broken", "statusDetails": {"message": "selenium.common.exceptions.TimeoutException: Message: \nStacktrace:\n\tGetHandleVerifier [0x0x103c333+65459]\n\tGetHandleVerifier [0x0x103c374+65524]\n\t(No symbol) [0x0xe5d973]\n\t(No symbol) [0x0xea76e7]\n\t(No symbol) [0x0xea7a8b]\n\t(No symbol) [0x0xeedea2]\n\t(No symbol) [0x0xec9e44]\n\t(No symbol) [0x0xeeb606]\n\t(No symbol) [0x0xec9bf6]\n\t(No symbol) [0x0xe9b38e]\n\t(No symbol) [0x0xe9c274]\n\tGetHandleVerifier [0x0x12beda3+2697763]\n\tGetHandleVerifier [0x0x12b9ec7+2677575]\n\tGetHandleVerifier [0x0x1064194+228884]\n\tGetHandleVerifier [0x0x10549f8+165496]\n\tGetHandleVerifier [0x0x105b18d+192013]\n\tGetHandleVerifier [0x0x10447d8+99416]\n\tGetHandleVerifier [0x0x1044972+99826]\n\tGetHandleVerifier [0x0x102ebea+10346]\n\tBaseThreadInitThunk [0x0x75dd5d49+25]\n\tRtlInitializeExceptionChain [0x0x7738d6db+107]\n\tRtlGetAppContainerNamedObjectPath [0x0x7738d661+561]\n\n", "trace": "  File \"C:\\Users\\dhamyan\\PycharmProjects\\PythonProject\\PythonProject\\Automated-testing-project\\test\\test_inventory.py\", line 44, in test_multi_add\n    inventory_page.add_multiple_products(products)\n    ~~~~~~~~~~~~~~~~~~~~~~~~~~~~~~~~~~~~^^^^^^^^^^\n  File \"C:\\Users\\dhamyan\\PycharmProjects\\PythonProject\\PythonProject\\Automated-testing-project\\pages\\inventory_page.py\", line 30, in add_multiple_products\n    self.add_product(product)\n    ~~~~~~~~~~~~~~~~^^^^^^^^^\n  File \"C:\\Users\\dhamyan\\PycharmProjects\\PythonProject\\PythonProject\\Automated-testing-project\\pages\\inventory_page.py\", line 23, in add_product\n    self.wait.until(EC.visibility_of_element_located(remove_selector))\n    ~~~~~~~~~~~~~~~^^^^^^^^^^^^^^^^^^^^^^^^^^^^^^^^^^^^^^^^^^^^^^^^^^^\n  File \"C:\\Users\\dhamyan\\AppData\\Local\\Programs\\Python\\Python313\\Lib\\site-packages\\selenium\\webdriver\\support\\wait.py\", line 138, in until\n    raise TimeoutException(message, screen, stacktrace)\n"}, "start": 1759173808764, "stop": 1759173819214}], "parameters": [{"name": "browser_driver", "value": "'chrome'"}], "start": 1759173808764, "stop": 1759173819215, "uuid": "d886cfc1-dfb9-4374-a1a6-b289bdaffaa3", "historyId": "267db3a438f59d5d3ef6aa71009e1508", "testCaseId": "95a7520f3ec4fe9571b91297c527282d", "fullName": "test_inventory#test_multi_add", "labels": [{"name": "tag", "value": "cross_browser"}, {"name": "suite", "value": "test_inventory"}, {"name": "host", "value": "Jerry"}, {"name": "thread", "value": "27308-MainThread"}, {"name": "framework", "value": "pytest"}, {"name": "language", "value": "cpython3"}, {"name": "package", "value": "test_inventory"}], "titlePath": ["test_inventory.py"]}