{"name": "test_multi_add[firefox]", "status": "broken", "statusDetails": {"message": "selenium.common.exceptions.TimeoutException: Message: \nStacktrace:\nRemoteError@chrome://remote/content/shared/RemoteError.sys.mjs:8:8\nWebDriverError@chrome://remote/content/shared/webdriver/Errors.sys.mjs:202:5\nNoSuchElementError@chrome://remote/content/shared/webdriver/Errors.sys.mjs:555:5\ndom.find/</<@chrome://remote/content/shared/DOM.sys.mjs:136:16", "trace": "inventory_page = <pages.inventory_page.InventoryPage object at 0x000001F52A916650>\n\n    @pytest.mark.cross_browser\n    def test_multi_add(inventory_page):\n        products = [\"bike_light\", \"backpack\", \"fleece_jacket\"]\n        with allure.step(f\"Iniciar adición de {len(products)} productos al carrito\"):\n>           inventory_page.add_multiple_products(products)\n\ntest_inventory.py:44: \n_ _ _ _ _ _ _ _ _ _ _ _ _ _ _ _ _ _ _ _ _ _ _ _ _ _ _ _ _ _ _ _ _ _ _ _ _ _ _ _\n..\\pages\\inventory_page.py:30: in add_multiple_products\n    self.add_product(product)\n..\\pages\\inventory_page.py:20: in add_product\n    self.wait.until(EC.visibility_of_element_located(add_selector))\n_ _ _ _ _ _ _ _ _ _ _ _ _ _ _ _ _ _ _ _ _ _ _ _ _ _ _ _ _ _ _ _ _ _ _ _ _ _ _ _\n\nself = <selenium.webdriver.support.wait.WebDriverWait (session=\"718c71a3-b224-4da5-bc7b-70ece2b94f39\")>\nmethod = <function visibility_of_element_located.<locals>._predicate at 0x000001F52A986840>\nmessage = ''\n\n    def until(self, method: Callable[[D], Union[Literal[False], T]], message: str = \"\") -> T:\n        \"\"\"Wait until the method returns a value that is not False.\n    \n        Calls the method provided with the driver as an argument until the\n        return value does not evaluate to ``False``.\n    \n        Parameters:\n        -----------\n        method: callable(WebDriver)\n            - A callable object that takes a WebDriver instance as an argument.\n    \n        message: str\n            - Optional message for :exc:`TimeoutException`\n    \n        Return:\n        -------\n        object: T\n            - The result of the last call to `method`\n    \n        Raises:\n        -------\n        TimeoutException\n            - If 'method' does not return a truthy value within the WebDriverWait\n            object's timeout\n    \n        Example:\n        --------\n        >>> from selenium.webdriver.common.by import By\n        >>> from selenium.webdriver.support.ui import WebDriverWait\n        >>> from selenium.webdriver.support import expected_conditions as EC\n    \n        # Wait until an element is visible on the page\n        >>> wait = WebDriverWait(driver, 10)\n        >>> element = wait.until(EC.visibility_of_element_located((By.ID, \"exampleId\")))\n        >>> print(element.text)\n        \"\"\"\n        screen = None\n        stacktrace = None\n    \n        end_time = time.monotonic() + self._timeout\n        while True:\n            try:\n                value = method(self._driver)\n                if value:\n                    return value\n            except self._ignored_exceptions as exc:\n                screen = getattr(exc, \"screen\", None)\n                stacktrace = getattr(exc, \"stacktrace\", None)\n            if time.monotonic() > end_time:\n                break\n            time.sleep(self._poll)\n>       raise TimeoutException(message, screen, stacktrace)\nE       selenium.common.exceptions.TimeoutException: Message: \nE       Stacktrace:\nE       RemoteError@chrome://remote/content/shared/RemoteError.sys.mjs:8:8\nE       WebDriverError@chrome://remote/content/shared/webdriver/Errors.sys.mjs:202:5\nE       NoSuchElementError@chrome://remote/content/shared/webdriver/Errors.sys.mjs:555:5\nE       dom.find/</<@chrome://remote/content/shared/DOM.sys.mjs:136:16\n\n..\\..\\..\\..\\..\\AppData\\Local\\Programs\\Python\\Python313\\Lib\\site-packages\\selenium\\webdriver\\support\\wait.py:138: TimeoutException"}, "steps": [{"name": "Iniciar adición de 3 productos al carrito", "status": "broken", "statusDetails": {"message": "selenium.common.exceptions.TimeoutException: Message: \nStacktrace:\nRemoteError@chrome://remote/content/shared/RemoteError.sys.mjs:8:8\nWebDriverError@chrome://remote/content/shared/webdriver/Errors.sys.mjs:202:5\nNoSuchElementError@chrome://remote/content/shared/webdriver/Errors.sys.mjs:555:5\ndom.find/</<@chrome://remote/content/shared/DOM.sys.mjs:136:16\n\n", "trace": "  File \"C:\\Users\\dhamyan\\PycharmProjects\\PythonProject\\PythonProject\\Automated-testing-project\\test\\test_inventory.py\", line 44, in test_multi_add\n    inventory_page.add_multiple_products(products)\n    ~~~~~~~~~~~~~~~~~~~~~~~~~~~~~~~~~~~~^^^^^^^^^^\n  File \"C:\\Users\\dhamyan\\PycharmProjects\\PythonProject\\PythonProject\\Automated-testing-project\\pages\\inventory_page.py\", line 30, in add_multiple_products\n    self.add_product(product)\n    ~~~~~~~~~~~~~~~~^^^^^^^^^\n  File \"C:\\Users\\dhamyan\\PycharmProjects\\PythonProject\\PythonProject\\Automated-testing-project\\pages\\inventory_page.py\", line 20, in add_product\n    self.wait.until(EC.visibility_of_element_located(add_selector))\n    ~~~~~~~~~~~~~~~^^^^^^^^^^^^^^^^^^^^^^^^^^^^^^^^^^^^^^^^^^^^^^^^\n  File \"C:\\Users\\dhamyan\\AppData\\Local\\Programs\\Python\\Python313\\Lib\\site-packages\\selenium\\webdriver\\support\\wait.py\", line 138, in until\n    raise TimeoutException(message, screen, stacktrace)\n"}, "start": 1759173734403, "stop": 1759173744552}], "parameters": [{"name": "browser_driver", "value": "'firefox'"}], "start": 1759173734403, "stop": 1759173744554, "uuid": "0048d329-cdf4-4f5d-bdc5-7cfc9ce02d1a", "historyId": "50b34da8854572302710af4a53251a24", "testCaseId": "95a7520f3ec4fe9571b91297c527282d", "fullName": "test_inventory#test_multi_add", "labels": [{"name": "tag", "value": "cross_browser"}, {"name": "suite", "value": "test_inventory"}, {"name": "host", "value": "Jerry"}, {"name": "thread", "value": "27308-MainThread"}, {"name": "framework", "value": "pytest"}, {"name": "language", "value": "cpython3"}, {"name": "package", "value": "test_inventory"}], "titlePath": ["test_inventory.py"]}